TN:
SF:src/factory.js
FNF:0
FNH:0
DA:1,1
DA:2,1
DA:3,1
DA:4,1
DA:5,1
DA:6,1
DA:7,1
DA:8,1
DA:9,1
DA:10,1
DA:11,1
DA:12,1
DA:13,1
LF:13
LH:13
BRF:0
BRH:0
end_of_record
TN:
SF:src/handler.js
FN:4,Handler
FN:9,getImageBuffer
FN:18,detectImageLabels
FN:38,translateText
FN:50,formatTextResults
FN:61,main
FNF:6
FNH:6
FNDA:1,Handler
FNDA:2,getImageBuffer
FNDA:1,detectImageLabels
FNDA:1,translateText
FNDA:1,formatTextResults
FNDA:3,main
DA:1,1
DA:2,1
DA:3,1
DA:4,1
DA:5,1
DA:6,1
DA:7,1
DA:8,1
DA:9,1
DA:10,2
DA:11,2
DA:12,2
DA:13,1
DA:14,1
DA:15,1
DA:16,1
DA:17,1
DA:18,1
DA:19,1
DA:20,1
DA:21,1
DA:22,1
DA:23,1
DA:24,1
DA:25,1
DA:26,1
DA:27,1
DA:28,1
DA:29,1
DA:30,1
DA:31,1
DA:32,1
DA:33,1
DA:34,1
DA:35,1
DA:36,1
DA:37,1
DA:38,1
DA:39,1
DA:40,1
DA:41,1
DA:42,1
DA:43,1
DA:44,1
DA:45,1
DA:46,1
DA:47,1
DA:48,1
DA:49,1
DA:50,1
DA:51,1
DA:52,1
DA:53,11
DA:54,11
DA:55,11
DA:56,11
DA:57,1
DA:58,1
DA:59,1
DA:60,1
DA:61,1
DA:62,3
DA:63,3
DA:64,3
DA:65,3
DA:66,3
DA:67,1
DA:68,1
DA:69,1
DA:70,1
DA:71,1
DA:72,2
DA:73,2
DA:74,2
DA:75,1
DA:76,1
DA:77,1
DA:78,1
DA:79,1
DA:80,1
DA:81,1
DA:82,1
DA:83,1
DA:84,1
DA:85,1
DA:86,1
DA:87,1
DA:88,1
DA:89,1
DA:90,1
DA:91,1
DA:92,1
DA:93,1
DA:94,1
DA:95,3
DA:96,1
LF:96
LH:96
BRDA:4,0,0,1
BRDA:9,1,0,2
BRDA:12,2,0,1
BRDA:18,3,0,1
BRDA:27,4,0,17
BRDA:30,5,0,11
BRDA:38,6,0,1
BRDA:50,7,0,1
BRDA:52,8,0,11
BRDA:61,9,0,3
BRDA:66,10,0,1
BRDA:71,11,0,2
BRDA:74,12,0,1
BRF:13
BRH:13
end_of_record
TN:
SF:src/index.js
FNF:0
FNH:0
DA:1,1
DA:2,1
DA:3,1
DA:4,1
DA:5,1
LF:5
LH:5
BRF:0
BRH:0
end_of_record
